1578053102268	mozrunner::runner	INFO	Running command: "/usr/bin/firefox" "-marionette" "-foreground" "-no-remote" "-profile" "/tmp/rust_mozprofiledqvfgz"
1578053102961	addons.webextension.screenshots@mozilla.org	WARN	Loading extension 'screenshots@mozilla.org': Reading manifest: Invalid extension permission: mozillaAddons
1578053102961	addons.webextension.screenshots@mozilla.org	WARN	Loading extension 'screenshots@mozilla.org': Reading manifest: Invalid extension permission: telemetry
1578053102962	addons.webextension.screenshots@mozilla.org	WARN	Loading extension 'screenshots@mozilla.org': Reading manifest: Invalid extension permission: resource://pdf.js/
1578053102962	addons.webextension.screenshots@mozilla.org	WARN	Loading extension 'screenshots@mozilla.org': Reading manifest: Invalid extension permission: about:reader*
1578053105008	Marionette	INFO	Listening on port 42523
1578053105092	Marionette	WARN	TLS certificate errors will be ignored for this session
JavaScript warning: https://seffaflik.epias.com.tr/transparency/javax.faces.resource/js/layout.js.xhtml?ln=adamantium-layout, line 241: unreachable code after return statement
JavaScript warning: https://seffaflik.epias.com.tr/transparency/javax.faces.resource/js/layout.js.xhtml?ln=adamantium-layout, line 241: unreachable code after return statement
IPDL protocol error: Handler returned error code!

###!!! [Parent][DispatchAsyncMessage] Error: PLayerTransaction::Msg_ReleaseLayer Processing error: message was deserialized, but the handler returned false (indicating failure)

1578053124839	Marionette	INFO	Stopped listening on port 42523
1578053126585	mozrunner::runner	INFO	Running command: "/usr/bin/firefox" "-marionette" "-foreground" "-no-remote" "-profile" "/tmp/rust_mozprofilej2X9tX"
1578053127135	addons.webextension.screenshots@mozilla.org	WARN	Loading extension 'screenshots@mozilla.org': Reading manifest: Invalid extension permission: mozillaAddons
1578053127135	addons.webextension.screenshots@mozilla.org	WARN	Loading extension 'screenshots@mozilla.org': Reading manifest: Invalid extension permission: telemetry
1578053127136	addons.webextension.screenshots@mozilla.org	WARN	Loading extension 'screenshots@mozilla.org': Reading manifest: Invalid extension permission: resource://pdf.js/
1578053127136	addons.webextension.screenshots@mozilla.org	WARN	Loading extension 'screenshots@mozilla.org': Reading manifest: Invalid extension permission: about:reader*
1578053129383	Marionette	INFO	Listening on port 42187
1578053129429	Marionette	WARN	TLS certificate errors will be ignored for this session
JavaScript warning: https://seffaflik.epias.com.tr/transparency/javax.faces.resource/js/layout.js.xhtml?ln=adamantium-layout, line 241: unreachable code after return statement
JavaScript warning: https://seffaflik.epias.com.tr/transparency/javax.faces.resource/js/layout.js.xhtml?ln=adamantium-layout, line 241: unreachable code after return statement
1578053142726	Marionette	INFO	Stopped listening on port 42187
1578054389471	mozrunner::runner	INFO	Running command: "/usr/bin/firefox" "-marionette" "-foreground" "-no-remote" "-profile" "/tmp/rust_mozprofileIKPNou"
1578054389949	addons.webextension.screenshots@mozilla.org	WARN	Loading extension 'screenshots@mozilla.org': Reading manifest: Invalid extension permission: mozillaAddons
1578054389949	addons.webextension.screenshots@mozilla.org	WARN	Loading extension 'screenshots@mozilla.org': Reading manifest: Invalid extension permission: telemetry
1578054389949	addons.webextension.screenshots@mozilla.org	WARN	Loading extension 'screenshots@mozilla.org': Reading manifest: Invalid extension permission: resource://pdf.js/
1578054389949	addons.webextension.screenshots@mozilla.org	WARN	Loading extension 'screenshots@mozilla.org': Reading manifest: Invalid extension permission: about:reader*
1578054392184	Marionette	INFO	Listening on port 45221
1578054392279	Marionette	WARN	TLS certificate errors will be ignored for this session
JavaScript warning: https://seffaflik.epias.com.tr/transparency/javax.faces.resource/js/layout.js.xhtml?ln=adamantium-layout, line 241: unreachable code after return statement
JavaScript warning: https://seffaflik.epias.com.tr/transparency/javax.faces.resource/js/layout.js.xhtml?ln=adamantium-layout, line 241: unreachable code after return statement
1578054403901	Marionette	INFO	Stopped listening on port 45221
1578054441725	mozrunner::runner	INFO	Running command: "/usr/bin/firefox" "-marionette" "-foreground" "-no-remote" "-profile" "/tmp/rust_mozprofileKHWJJs"
1578054442158	addons.webextension.screenshots@mozilla.org	WARN	Loading extension 'screenshots@mozilla.org': Reading manifest: Invalid extension permission: mozillaAddons
1578054442158	addons.webextension.screenshots@mozilla.org	WARN	Loading extension 'screenshots@mozilla.org': Reading manifest: Invalid extension permission: telemetry
1578054442158	addons.webextension.screenshots@mozilla.org	WARN	Loading extension 'screenshots@mozilla.org': Reading manifest: Invalid extension permission: resource://pdf.js/
1578054442158	addons.webextension.screenshots@mozilla.org	WARN	Loading extension 'screenshots@mozilla.org': Reading manifest: Invalid extension permission: about:reader*
1578054444302	Marionette	INFO	Listening on port 46865
1578054444352	Marionette	WARN	TLS certificate errors will be ignored for this session
JavaScript warning: https://seffaflik.epias.com.tr/transparency/javax.faces.resource/js/layout.js.xhtml?ln=adamantium-layout, line 241: unreachable code after return statement
JavaScript warning: https://seffaflik.epias.com.tr/transparency/javax.faces.resource/js/layout.js.xhtml?ln=adamantium-layout, line 241: unreachable code after return statement
1578054459269	Marionette	INFO	Stopped listening on port 46865
